<?xml version="1.0" encoding="UTF-8"?>
<!-- Generated by org.testng.reporters.JUnitReportReporter -->
<testsuite hostname="INNOWAVE-644" failures="0" tests="2" name="cucumberOptions.TestNGTestRunner" time="42.902" errors="0" timestamp="2022-06-22T08:53:53 WEST" skipped="0">
  <testcase classname="cucumberOptions.TestNGTestRunner" name="runScenario" time="21.541"/>
  <system-out/>
  <testcase classname="cucumberOptions.TestNGTestRunner" name="runScenario" time="21.361"/>
  <system-out/>
</testsuite> <!-- cucumberOptions.TestNGTestRunner -->
